[35m[1mConsolidate compiler generated dependencies of target trajectory_buffer_node[0m
[  5%] Built target end_effector_feedback
[  5%] Built target set_target_pose
[  8%] [32mBuilding CXX object CMakeFiles/execute.dir/src/arm_control.cpp.o[0m
[  8%] [32mBuilding CXX object CMakeFiles/arm_execute_processing.dir/src/arm_control.cpp.o[0m
[ 10%] Built target move_group_interface
[ 15%] [32mBuilding CXX object CMakeFiles/arm_execute_total_trajectory_second.dir/src/arm_control.cpp.o[0m
[ 15%] [32mBuilding CXX object CMakeFiles/arm_execute_circle_trajectory.dir/src/arm_control.cpp.o[0m
[ 15%] [32mBuilding CXX object CMakeFiles/arm_execute_total_trajectory.dir/src/arm_control.cpp.o[0m
[ 16%] [32mBuilding CXX object CMakeFiles/arm_execute_total_trajectory_second_final.dir/src/arm_control.cpp.o[0m
[ 17%] [32mBuilding CXX object CMakeFiles/arm_execute_storage_trajectory.dir/src/arm_control.cpp.o[0m
[ 20%] [32mBuilding CXX object CMakeFiles/arm_execute_processing_trajectory.dir/src/arm_control.cpp.o[0m
[ 20%] [32mBuilding CXX object CMakeFiles/arm_execute_total_trajectory_final.dir/src/arm_control.cpp.o[0m
[ 24%] [32mBuilding CXX object CMakeFiles/arm_execute_storage.dir/src/arm_control.cpp.o[0m
[ 24%] Built target trajectory_buffer_node
[ 26%] [32mBuilding CXX object CMakeFiles/arm_execute_node.dir/src/arm_control.cpp.o[0m
[ 27%] [32mBuilding CXX object CMakeFiles/arm_execute_circle.dir/src/arm_control.cpp.o[0m
[ 28%] [32mBuilding CXX object CMakeFiles/arm_execute_second_storage_trajectory.dir/src/arm_control.cpp.o[0m
[01m[K/home/fins/myrobot_final/src/mybot/src/arm_control.cpp:[m[K In member function â€˜[01m[Kvoid ManipulatorAction::graspAction_trajectory(Object&, TargetPose&, GraspPose&, const string&, const string&, const string&, const string&)[m[Kâ€™:
[01m[K/home/fins/myrobot_final/src/mybot/src/arm_control.cpp:667:9:[m[K [01;31m[Kerror: [m[Kâ€˜[01m[KoveToPose[m[Kâ€™ was not declared in this scope; did you mean â€˜[01m[KmoveToPose[m[Kâ€™?
  667 |         [01;31m[KoveToPose[m[K(target_initial_pose);
      |         [01;31m[K^~~~~~~~~[m[K
      |         [32m[KmoveToPose[m[K
[01m[K/home/fins/myrobot_final/src/mybot/src/arm_control.cpp:[m[K In member function â€˜[01m[Kvoid ManipulatorAction::graspAction_trajectory(Object&, TargetPose&, GraspPose&, const string&, const string&, const string&, const string&)[m[Kâ€™:
[01m[K/home/fins/myrobot_final/src/mybot/src/arm_control.cpp:667:9:[m[K [01;31m[Kerror: [m[Kâ€˜[01m[KoveToPose[m[Kâ€™ was not declared in this scope; did you mean â€˜[01m[KmoveToPose[m[Kâ€™?
  667 |         [01;31m[KoveToPose[m[K(target_initial_pose);
      |         [01;31m[K^~~~~~~~~[m[K
      |         [32m[KmoveToPose[m[K
[01m[K/home/fins/myrobot_final/src/mybot/src/arm_control.cpp:[m[K In member function â€˜[01m[Kvoid ManipulatorAction::graspAction_trajectory(Object&, TargetPose&, GraspPose&, const string&, const string&, const string&, const string&)[m[Kâ€™:
[01m[K/home/fins/myrobot_final/src/mybot/src/arm_control.cpp:667:9:[m[K [01;31m[Kerror: [m[Kâ€˜[01m[KoveToPose[m[Kâ€™ was not declared in this scope; did you mean â€˜[01m[KmoveToPose[m[Kâ€™?
  667 |         [01;31m[KoveToPose[m[K(target_initial_pose);
      |         [01;31m[K^~~~~~~~~[m[K
      |         [32m[KmoveToPose[m[K
[01m[K/home/fins/myrobot_final/src/mybot/src/arm_control.cpp:[m[K In member function â€˜[01m[Kvoid ManipulatorAction::graspAction_trajectory(Object&, TargetPose&, GraspPose&, const string&, const string&, const string&, const string&)[m[Kâ€™:
[01m[K/home/fins/myrobot_final/src/mybot/src/arm_control.cpp:667:9:[m[K [01;31m[Kerror: [m[Kâ€˜[01m[KoveToPose[m[Kâ€™ was not declared in this scope; did you mean â€˜[01m[KmoveToPose[m[Kâ€™?
  667 |         [01;31m[KoveToPose[m[K(target_initial_pose);
      |         [01;31m[K^~~~~~~~~[m[K
      |         [32m[KmoveToPose[m[K
[01m[K/home/fins/myrobot_final/src/mybot/src/arm_control.cpp:[m[K In member function â€˜[01m[Kvoid ManipulatorAction::graspAction_trajectory(Object&, TargetPose&, GraspPose&, const string&, const string&, const string&, const string&)[m[Kâ€™:
[01m[K/home/fins/myrobot_final/src/mybot/src/arm_control.cpp:667:9:[m[K [01;31m[Kerror: [m[Kâ€˜[01m[KoveToPose[m[Kâ€™ was not declared in this scope; did you mean â€˜[01m[KmoveToPose[m[Kâ€™?
  667 |         [01;31m[KoveToPose[m[K(target_initial_pose);
      |         [01;31m[K^~~~~~~~~[m[K
      |         [32m[KmoveToPose[m[K
[01m[K/home/fins/myrobot_final/src/mybot/src/arm_control.cpp:[m[K In member function â€˜[01m[Kvoid ManipulatorAction::graspAction_trajectory(Object&, TargetPose&, GraspPose&, const string&, const string&, const string&, const string&)[m[Kâ€™:
[01m[K/home/fins/myrobot_final/src/mybot/src/arm_control.cpp:667:9:[m[K [01;31m[Kerror: [m[Kâ€˜[01m[KoveToPose[m[Kâ€™ was not declared in this scope; did you mean â€˜[01m[KmoveToPose[m[Kâ€™?
  667 |         [01;31m[KoveToPose[m[K(target_initial_pose);
      |         [01;31m[K^~~~~~~~~[m[K
      |         [32m[KmoveToPose[m[K
[01m[K/home/fins/myrobot_final/src/mybot/src/arm_control.cpp:[m[K In member function â€˜[01m[Kvoid ManipulatorAction::graspAction_trajectory(Object&, TargetPose&, GraspPose&, const string&, const string&, const string&, const string&)[m[Kâ€™:
[01m[K/home/fins/myrobot_final/src/mybot/src/arm_control.cpp:667:9:[m[K [01;31m[Kerror: [m[Kâ€˜[01m[KoveToPose[m[Kâ€™ was not declared in this scope; did you mean â€˜[01m[KmoveToPose[m[Kâ€™?
  667 |         [01;31m[KoveToPose[m[K(target_initial_pose);
      |         [01;31m[K^~~~~~~~~[m[K
      |         [32m[KmoveToPose[m[K
[01m[K/home/fins/myrobot_final/src/mybot/src/arm_control.cpp:[m[K In member function â€˜[01m[Kvoid ManipulatorAction::graspAction_trajectory(Object&, TargetPose&, GraspPose&, const string&, const string&, const string&, const string&)[m[Kâ€™:
[01m[K/home/fins/myrobot_final/src/mybot/src/arm_control.cpp:667:9:[m[K [01;31m[Kerror: [m[Kâ€˜[01m[KoveToPose[m[Kâ€™ was not declared in this scope; did you mean â€˜[01m[KmoveToPose[m[Kâ€™?
  667 |         [01;31m[KoveToPose[m[K(target_initial_pose);
      |         [01;31m[K^~~~~~~~~[m[K
      |         [32m[KmoveToPose[m[K
[01m[K/home/fins/myrobot_final/src/mybot/src/arm_control.cpp:[m[K In member function â€˜[01m[Kvoid ManipulatorAction::graspAction_trajectory(Object&, TargetPose&, GraspPose&, const string&, const string&, const string&, const string&)[m[Kâ€™:
[01m[K/home/fins/myrobot_final/src/mybot/src/arm_control.cpp:667:9:[m[K [01;31m[Kerror: [m[Kâ€˜[01m[KoveToPose[m[Kâ€™ was not declared in this scope; did you mean â€˜[01m[KmoveToPose[m[Kâ€™?
  667 |         [01;31m[KoveToPose[m[K(target_initial_pose);
      |         [01;31m[K^~~~~~~~~[m[K
      |         [32m[KmoveToPose[m[K
[01m[K/home/fins/myrobot_final/src/mybot/src/arm_control.cpp:[m[K In member function â€˜[01m[Kvoid ManipulatorAction::graspAction_trajectory(Object&, TargetPose&, GraspPose&, const string&, const string&, const string&, const string&)[m[Kâ€™:
[01m[K/home/fins/myrobot_final/src/mybot/src/arm_control.cpp:667:9:[m[K [01;31m[Kerror: [m[Kâ€˜[01m[KoveToPose[m[Kâ€™ was not declared in this scope; did you mean â€˜[01m[KmoveToPose[m[Kâ€™?
  667 |         [01;31m[KoveToPose[m[K(target_initial_pose);
      |         [01;31m[K^~~~~~~~~[m[K
      |         [32m[KmoveToPose[m[K
[01m[K/home/fins/myrobot_final/src/mybot/src/arm_control.cpp:[m[K In member function â€˜[01m[Kvoid ManipulatorAction::graspAction_trajectory(Object&, TargetPose&, GraspPose&, const string&, const string&, const string&, const string&)[m[Kâ€™:
[01m[K/home/fins/myrobot_final/src/mybot/src/arm_control.cpp:667:9:[m[K [01;31m[Kerror: [m[Kâ€˜[01m[KoveToPose[m[Kâ€™ was not declared in this scope; did you mean â€˜[01m[KmoveToPose[m[Kâ€™?
  667 |         [01;31m[KoveToPose[m[K(target_initial_pose);
      |         [01;31m[K^~~~~~~~~[m[K
      |         [32m[KmoveToPose[m[K
[01m[K/home/fins/myrobot_final/src/mybot/src/arm_control.cpp:[m[K In member function â€˜[01m[Kvoid ManipulatorAction::graspAction_trajectory(Object&, TargetPose&, GraspPose&, const string&, const string&, const string&, const string&)[m[Kâ€™:
[01m[K/home/fins/myrobot_final/src/mybot/src/arm_control.cpp:667:9:[m[K [01;31m[Kerror: [m[Kâ€˜[01m[KoveToPose[m[Kâ€™ was not declared in this scope; did you mean â€˜[01m[KmoveToPose[m[Kâ€™?
  667 |         [01;31m[KoveToPose[m[K(target_initial_pose);
      |         [01;31m[K^~~~~~~~~[m[K
      |         [32m[KmoveToPose[m[K
[01m[K/home/fins/myrobot_final/src/mybot/src/arm_control.cpp:[m[K In member function â€˜[01m[Kvoid ManipulatorAction::graspAction_trajectory(Object&, TargetPose&, GraspPose&, const string&, const string&, const string&, const string&)[m[Kâ€™:
[01m[K/home/fins/myrobot_final/src/mybot/src/arm_control.cpp:667:9:[m[K [01;31m[Kerror: [m[Kâ€˜[01m[KoveToPose[m[Kâ€™ was not declared in this scope; did you mean â€˜[01m[KmoveToPose[m[Kâ€™?
  667 |         [01;31m[KoveToPose[m[K(target_initial_pose);
      |         [01;31m[K^~~~~~~~~[m[K
      |         [32m[KmoveToPose[m[K
gmake[2]: *** [CMakeFiles/arm_execute_node.dir/build.make:90ï¼šCMakeFiles/arm_execute_node.dir/src/arm_control.cpp.o] é”™è¯¯ 1
gmake[1]: *** [CMakeFiles/Makefile2:559ï¼šCMakeFiles/arm_execute_node.dir/all] é”™è¯¯ 2
gmake[1]: *** æ­£åœ¨ç­‰å¾…æœªå®Œæˆçš„ä»»åŠ¡....
gmake[2]: *** [CMakeFiles/arm_execute_total_trajectory.dir/build.make:90ï¼šCMakeFiles/arm_execute_total_trajectory.dir/src/arm_control.cpp.o] é”™è¯¯ 1
gmake[1]: *** [CMakeFiles/Makefile2:455ï¼šCMakeFiles/arm_execute_total_trajectory.dir/all] é”™è¯¯ 2
gmake[2]: *** [CMakeFiles/arm_execute_total_trajectory_second_final.dir/build.make:90ï¼šCMakeFiles/arm_execute_total_trajectory_second_final.dir/src/arm_control.cpp.o] é”™è¯¯ 1
gmake[1]: *** [CMakeFiles/Makefile2:533ï¼šCMakeFiles/arm_execute_total_trajectory_second_final.dir/all] é”™è¯¯ 2
gmake[2]: *** [CMakeFiles/arm_execute_storage.dir/build.make:90ï¼šCMakeFiles/arm_execute_storage.dir/src/arm_control.cpp.o] é”™è¯¯ 1
gmake[1]: *** [CMakeFiles/Makefile2:273ï¼šCMakeFiles/arm_execute_storage.dir/all] é”™è¯¯ 2
gmake[2]: *** [CMakeFiles/arm_execute_circle.dir/build.make:90ï¼šCMakeFiles/arm_execute_circle.dir/src/arm_control.cpp.o] é”™è¯¯ 1
gmake[1]: *** [CMakeFiles/Makefile2:325ï¼šCMakeFiles/arm_execute_circle.dir/all] é”™è¯¯ 2
gmake[2]: *** [CMakeFiles/execute.dir/build.make:90ï¼šCMakeFiles/execute.dir/src/arm_control.cpp.o] é”™è¯¯ 1
gmake[1]: *** [CMakeFiles/Makefile2:247ï¼šCMakeFiles/execute.dir/all] é”™è¯¯ 2
gmake[2]: *** [CMakeFiles/arm_execute_total_trajectory_final.dir/build.make:90ï¼šCMakeFiles/arm_execute_total_trajectory_final.dir/src/arm_control.cpp.o] é”™è¯¯ 1
gmake[1]: *** [CMakeFiles/Makefile2:481ï¼šCMakeFiles/arm_execute_total_trajectory_final.dir/all] é”™è¯¯ 2
gmake[2]: *** [CMakeFiles/arm_execute_total_trajectory_second.dir/build.make:90ï¼šCMakeFiles/arm_execute_total_trajectory_second.dir/src/arm_control.cpp.o] é”™è¯¯ 1
gmake[1]: *** [CMakeFiles/Makefile2:507ï¼šCMakeFiles/arm_execute_total_trajectory_second.dir/all] é”™è¯¯ 2
gmake[2]: *** [CMakeFiles/arm_execute_processing.dir/build.make:90ï¼šCMakeFiles/arm_execute_processing.dir/src/arm_control.cpp.o] é”™è¯¯ 1
gmake[1]: *** [CMakeFiles/Makefile2:299ï¼šCMakeFiles/arm_execute_processing.dir/all] é”™è¯¯ 2
gmake[2]: *** [CMakeFiles/arm_execute_second_storage_trajectory.dir/build.make:90ï¼šCMakeFiles/arm_execute_second_storage_trajectory.dir/src/arm_control.cpp.o] é”™è¯¯ 1
gmake[1]: *** [CMakeFiles/Makefile2:429ï¼šCMakeFiles/arm_execute_second_storage_trajectory.dir/all] é”™è¯¯ 2
gmake[2]: *** [CMakeFiles/arm_execute_circle_trajectory.dir/build.make:90ï¼šCMakeFiles/arm_execute_circle_trajectory.dir/src/arm_control.cpp.o] é”™è¯¯ 1
gmake[1]: *** [CMakeFiles/Makefile2:351ï¼šCMakeFiles/arm_execute_circle_trajectory.dir/all] é”™è¯¯ 2
gmake[2]: *** [CMakeFiles/arm_execute_storage_trajectory.dir/build.make:90ï¼šCMakeFiles/arm_execute_storage_trajectory.dir/src/arm_control.cpp.o] é”™è¯¯ 1
gmake[1]: *** [CMakeFiles/Makefile2:403ï¼šCMakeFiles/arm_execute_storage_trajectory.dir/all] é”™è¯¯ 2
gmake[2]: *** [CMakeFiles/arm_execute_processing_trajectory.dir/build.make:90ï¼šCMakeFiles/arm_execute_processing_trajectory.dir/src/arm_control.cpp.o] é”™è¯¯ 1
gmake[1]: *** [CMakeFiles/Makefile2:377ï¼šCMakeFiles/arm_execute_processing_trajectory.dir/all] é”™è¯¯ 2
gmake: *** [Makefile:146ï¼šall] é”™è¯¯ 2
