[0.010s] Invoking command in '/home/fins/myrobot_final/build/mybot': AMENT_PREFIX_PATH=/home/fins/myrobot_final/install/robot_arm_description:/home/fins/myrobot_final/install/mybot:/home/fins/Workspace/moveit2_ws/install/pilz_industrial_motion_planner_testutils:/home/fins/Workspace/moveit2_ws/install/moveit_runtime:/home/fins/Workspace/moveit2_ws/install/moveit2_tutorials:/home/fins/Workspace/moveit2_ws/install/moveit:/home/fins/Workspace/moveit2_ws/install/moveit_planners:/home/fins/Workspace/moveit2_ws/install/pilz_industrial_motion_planner:/home/fins/Workspace/moveit2_ws/install/moveit_visual_tools:/home/fins/Workspace/moveit2_ws/install/moveit_task_constructor_visualization:/home/fins/Workspace/moveit2_ws/install/moveit_task_constructor_demo:/home/fins/Workspace/moveit2_ws/install/moveit_task_constructor_capabilities:/home/fins/Workspace/moveit2_ws/install/moveit_task_constructor_core:/home/fins/Workspace/moveit2_ws/install/moveit_ros_control_interface:/home/fins/Workspace/moveit2_ws/install/moveit_plugins:/home/fins/Workspace/moveit2_ws/install/moveit_simple_controller_manager:/home/fins/Workspace/moveit2_ws/install/moveit_setup_assistant:/home/fins/Workspace/moveit2_ws/install/moveit_setup_srdf_plugins:/home/fins/Workspace/moveit2_ws/install/moveit_setup_core_plugins:/home/fins/Workspace/moveit2_ws/install/moveit_setup_controllers:/home/fins/Workspace/moveit2_ws/install/moveit_setup_app_plugins:/home/fins/Workspace/moveit2_ws/install/moveit_setup_framework:/home/fins/Workspace/moveit2_ws/install/moveit_servo:/home/fins/Workspace/moveit2_ws/install/moveit_ros:/home/fins/Workspace/moveit2_ws/install/moveit_ros_visualization:/home/fins/Workspace/moveit2_ws/install/moveit_hybrid_planning:/home/fins/Workspace/moveit2_ws/install/moveit_ros_planning_interface:/home/fins/Workspace/moveit2_ws/install/moveit_ros_benchmarks:/home/fins/Workspace/moveit2_ws/install/moveit_ros_warehouse:/home/fins/Workspace/moveit2_ws/install/moveit_ros_robot_interaction:/home/fins/Workspace/moveit2_ws/install/moveit_ros_perception:/home/fins/Workspace/moveit2_ws/install/moveit_resources_prbt_pg70_support:/home/fins/Workspace/moveit2_ws/install/moveit_resources_prbt_moveit_config:/home/fins/Workspace/moveit2_ws/install/moveit_ros_move_group:/home/fins/Workspace/moveit2_ws/install/moveit_planners_ompl:/home/fins/Workspace/moveit2_ws/install/moveit_ros_planning:/home/fins/Workspace/moveit2_ws/install/moveit_ros_occupancy_map_monitor:/home/fins/Workspace/moveit2_ws/install/moveit_resources_prbt_ikfast_manipulator_plugin:/home/fins/Workspace/moveit2_ws/install/moveit_planners_chomp:/home/fins/Workspace/moveit2_ws/install/moveit_kinematics:/home/fins/Workspace/moveit2_ws/install/moveit_chomp_optimizer_adapter:/home/fins/Workspace/moveit2_ws/install/chomp_motion_planner:/home/fins/Workspace/moveit2_ws/install/moveit_core:/home/fins/Workspace/moveit2_ws/install/moveit_configs_utils:/home/fins/Workspace/moveit2_ws/install/srdfdom:/home/fins/Workspace/moveit2_ws/install/rviz_marker_tools:/home/fins/Workspace/moveit2_ws/install/rosparam_shortcuts:/home/fins/Workspace/moveit2_ws/install/moveit_task_constructor_msgs:/home/fins/Workspace/moveit2_ws/install/moveit_resources_prbt_support:/home/fins/Workspace/moveit2_ws/install/moveit_resources:/home/fins/Workspace/moveit2_ws/install/moveit_resources_pr2_description:/home/fins/Workspace/moveit2_ws/install/moveit_resources_panda_moveit_config:/home/fins/Workspace/moveit2_ws/install/moveit_resources_panda_description:/home/fins/Workspace/moveit2_ws/install/moveit_resources_fanuc_moveit_config:/home/fins/Workspace/moveit2_ws/install/moveit_resources_fanuc_description:/home/fins/Workspace/moveit2_ws/install/moveit_common:/home/fins/Workspace/moveit2_ws/install/launch_param_builder:/opt/ros/humble CMAKE_PREFIX_PATH=${CMAKE_PREFIX_PATH}:/home/fins/myrobot_final/install/robot_arm_description:/home/fins/Workspace/moveit2_ws/install/moveit_configs_utils:/home/fins/Workspace/moveit2_ws/install/launch_param_builder:/opt/ros/humble /usr/bin/cmake --build /home/fins/myrobot_final/build/mybot -- -j32 -l32
[0.086s] [35m[1mConsolidate compiler generated dependencies of target trajectory_buffer_node[0m
[0.119s] [  5%] Built target end_effector_feedback
[0.119s] [  5%] Built target set_target_pose
[0.123s] [  8%] [32mBuilding CXX object CMakeFiles/execute.dir/src/arm_control.cpp.o[0m
[0.123s] [  8%] [32mBuilding CXX object CMakeFiles/arm_execute_processing.dir/src/arm_control.cpp.o[0m
[0.123s] [ 10%] Built target move_group_interface
[0.124s] [ 15%] [32mBuilding CXX object CMakeFiles/arm_execute_total_trajectory_second.dir/src/arm_control.cpp.o[0m
[0.124s] [ 15%] [32mBuilding CXX object CMakeFiles/arm_execute_circle_trajectory.dir/src/arm_control.cpp.o[0m
[0.124s] [ 15%] [32mBuilding CXX object CMakeFiles/arm_execute_total_trajectory.dir/src/arm_control.cpp.o[0m
[0.124s] [ 16%] [32mBuilding CXX object CMakeFiles/arm_execute_total_trajectory_second_final.dir/src/arm_control.cpp.o[0m
[0.124s] [ 17%] [32mBuilding CXX object CMakeFiles/arm_execute_storage_trajectory.dir/src/arm_control.cpp.o[0m
[0.125s] [ 20%] [32mBuilding CXX object CMakeFiles/arm_execute_processing_trajectory.dir/src/arm_control.cpp.o[0m
[0.125s] [ 20%] [32mBuilding CXX object CMakeFiles/arm_execute_total_trajectory_final.dir/src/arm_control.cpp.o[0m
[0.127s] [ 24%] [32mBuilding CXX object CMakeFiles/arm_execute_storage.dir/src/arm_control.cpp.o[0m
[0.127s] [ 24%] Built target trajectory_buffer_node
[0.128s] [ 26%] [32mBuilding CXX object CMakeFiles/arm_execute_node.dir/src/arm_control.cpp.o[0m
[0.128s] [ 27%] [32mBuilding CXX object CMakeFiles/arm_execute_circle.dir/src/arm_control.cpp.o[0m
[0.128s] [ 28%] [32mBuilding CXX object CMakeFiles/arm_execute_second_storage_trajectory.dir/src/arm_control.cpp.o[0m
[5.411s] [01m[K/home/fins/myrobot_final/src/mybot/src/arm_control.cpp:[m[K In member function ‘[01m[Kvoid ManipulatorAction::graspAction_trajectory(Object&, TargetPose&, GraspPose&, const string&, const string&, const string&, const string&)[m[K’:
[5.411s] [01m[K/home/fins/myrobot_final/src/mybot/src/arm_control.cpp:667:9:[m[K [01;31m[Kerror: [m[K‘[01m[KoveToPose[m[K’ was not declared in this scope; did you mean ‘[01m[KmoveToPose[m[K’?
[5.411s]   667 |         [01;31m[KoveToPose[m[K(target_initial_pose);
[5.411s]       |         [01;31m[K^~~~~~~~~[m[K
[5.411s]       |         [32m[KmoveToPose[m[K
[5.466s] [01m[K/home/fins/myrobot_final/src/mybot/src/arm_control.cpp:[m[K In member function ‘[01m[Kvoid ManipulatorAction::graspAction_trajectory(Object&, TargetPose&, GraspPose&, const string&, const string&, const string&, const string&)[m[K’:
[5.466s] [01m[K/home/fins/myrobot_final/src/mybot/src/arm_control.cpp:667:9:[m[K [01;31m[Kerror: [m[K‘[01m[KoveToPose[m[K’ was not declared in this scope; did you mean ‘[01m[KmoveToPose[m[K’?
[5.466s]   667 |         [01;31m[KoveToPose[m[K(target_initial_pose);
[5.466s]       |         [01;31m[K^~~~~~~~~[m[K
[5.466s]       |         [32m[KmoveToPose[m[K
[5.470s] [01m[K/home/fins/myrobot_final/src/mybot/src/arm_control.cpp:[m[K In member function ‘[01m[Kvoid ManipulatorAction::graspAction_trajectory(Object&, TargetPose&, GraspPose&, const string&, const string&, const string&, const string&)[m[K’:
[5.470s] [01m[K/home/fins/myrobot_final/src/mybot/src/arm_control.cpp:667:9:[m[K [01;31m[Kerror: [m[K‘[01m[KoveToPose[m[K’ was not declared in this scope; did you mean ‘[01m[KmoveToPose[m[K’?
[5.470s]   667 |         [01;31m[KoveToPose[m[K(target_initial_pose);
[5.470s]       |         [01;31m[K^~~~~~~~~[m[K
[5.470s]       |         [32m[KmoveToPose[m[K
[5.475s] [01m[K/home/fins/myrobot_final/src/mybot/src/arm_control.cpp:[m[K In member function ‘[01m[Kvoid ManipulatorAction::graspAction_trajectory(Object&, TargetPose&, GraspPose&, const string&, const string&, const string&, const string&)[m[K’:
[5.475s] [01m[K/home/fins/myrobot_final/src/mybot/src/arm_control.cpp:667:9:[m[K [01;31m[Kerror: [m[K‘[01m[KoveToPose[m[K’ was not declared in this scope; did you mean ‘[01m[KmoveToPose[m[K’?
[5.476s]   667 |         [01;31m[KoveToPose[m[K(target_initial_pose);
[5.476s]       |         [01;31m[K^~~~~~~~~[m[K
[5.476s]       |         [32m[KmoveToPose[m[K
[5.485s] [01m[K/home/fins/myrobot_final/src/mybot/src/arm_control.cpp:[m[K In member function ‘[01m[Kvoid ManipulatorAction::graspAction_trajectory(Object&, TargetPose&, GraspPose&, const string&, const string&, const string&, const string&)[m[K’:
[5.485s] [01m[K/home/fins/myrobot_final/src/mybot/src/arm_control.cpp:667:9:[m[K [01;31m[Kerror: [m[K‘[01m[KoveToPose[m[K’ was not declared in this scope; did you mean ‘[01m[KmoveToPose[m[K’?
[5.485s]   667 |         [01;31m[KoveToPose[m[K(target_initial_pose);
[5.485s]       |         [01;31m[K^~~~~~~~~[m[K
[5.485s]       |         [32m[KmoveToPose[m[K
[5.489s] [01m[K/home/fins/myrobot_final/src/mybot/src/arm_control.cpp:[m[K In member function ‘[01m[Kvoid ManipulatorAction::graspAction_trajectory(Object&, TargetPose&, GraspPose&, const string&, const string&, const string&, const string&)[m[K’:
[5.489s] [01m[K/home/fins/myrobot_final/src/mybot/src/arm_control.cpp:667:9:[m[K [01;31m[Kerror: [m[K‘[01m[KoveToPose[m[K’ was not declared in this scope; did you mean ‘[01m[KmoveToPose[m[K’?
[5.489s]   667 |         [01;31m[KoveToPose[m[K(target_initial_pose);
[5.489s]       |         [01;31m[K^~~~~~~~~[m[K
[5.489s]       |         [32m[KmoveToPose[m[K
[5.505s] [01m[K/home/fins/myrobot_final/src/mybot/src/arm_control.cpp:[m[K In member function ‘[01m[Kvoid ManipulatorAction::graspAction_trajectory(Object&, TargetPose&, GraspPose&, const string&, const string&, const string&, const string&)[m[K’:
[5.505s] [01m[K/home/fins/myrobot_final/src/mybot/src/arm_control.cpp:667:9:[m[K [01;31m[Kerror: [m[K‘[01m[KoveToPose[m[K’ was not declared in this scope; did you mean ‘[01m[KmoveToPose[m[K’?
[5.505s]   667 |         [01;31m[KoveToPose[m[K(target_initial_pose);
[5.505s]       |         [01;31m[K^~~~~~~~~[m[K
[5.506s]       |         [32m[KmoveToPose[m[K
[5.568s] [01m[K/home/fins/myrobot_final/src/mybot/src/arm_control.cpp:[m[K In member function ‘[01m[Kvoid ManipulatorAction::graspAction_trajectory(Object&, TargetPose&, GraspPose&, const string&, const string&, const string&, const string&)[m[K’:
[5.568s] [01m[K/home/fins/myrobot_final/src/mybot/src/arm_control.cpp:667:9:[m[K [01;31m[Kerror: [m[K‘[01m[KoveToPose[m[K’ was not declared in this scope; did you mean ‘[01m[KmoveToPose[m[K’?
[5.568s]   667 |         [01;31m[KoveToPose[m[K(target_initial_pose);
[5.568s]       |         [01;31m[K^~~~~~~~~[m[K
[5.568s]       |         [32m[KmoveToPose[m[K
[5.572s] [01m[K/home/fins/myrobot_final/src/mybot/src/arm_control.cpp:[m[K In member function ‘[01m[Kvoid ManipulatorAction::graspAction_trajectory(Object&, TargetPose&, GraspPose&, const string&, const string&, const string&, const string&)[m[K’:
[5.572s] [01m[K/home/fins/myrobot_final/src/mybot/src/arm_control.cpp:667:9:[m[K [01;31m[Kerror: [m[K‘[01m[KoveToPose[m[K’ was not declared in this scope; did you mean ‘[01m[KmoveToPose[m[K’?
[5.572s]   667 |         [01;31m[KoveToPose[m[K(target_initial_pose);
[5.572s]       |         [01;31m[K^~~~~~~~~[m[K
[5.572s]       |         [32m[KmoveToPose[m[K
[5.578s] [01m[K/home/fins/myrobot_final/src/mybot/src/arm_control.cpp:[m[K In member function ‘[01m[Kvoid ManipulatorAction::graspAction_trajectory(Object&, TargetPose&, GraspPose&, const string&, const string&, const string&, const string&)[m[K’:
[5.578s] [01m[K/home/fins/myrobot_final/src/mybot/src/arm_control.cpp:667:9:[m[K [01;31m[Kerror: [m[K‘[01m[KoveToPose[m[K’ was not declared in this scope; did you mean ‘[01m[KmoveToPose[m[K’?
[5.578s]   667 |         [01;31m[KoveToPose[m[K(target_initial_pose);
[5.578s]       |         [01;31m[K^~~~~~~~~[m[K
[5.578s]       |         [32m[KmoveToPose[m[K
[5.578s] [01m[K/home/fins/myrobot_final/src/mybot/src/arm_control.cpp:[m[K In member function ‘[01m[Kvoid ManipulatorAction::graspAction_trajectory(Object&, TargetPose&, GraspPose&, const string&, const string&, const string&, const string&)[m[K’:
[5.578s] [01m[K/home/fins/myrobot_final/src/mybot/src/arm_control.cpp:667:9:[m[K [01;31m[Kerror: [m[K‘[01m[KoveToPose[m[K’ was not declared in this scope; did you mean ‘[01m[KmoveToPose[m[K’?
[5.578s]   667 |         [01;31m[KoveToPose[m[K(target_initial_pose);
[5.578s]       |         [01;31m[K^~~~~~~~~[m[K
[5.578s]       |         [32m[KmoveToPose[m[K
[5.591s] [01m[K/home/fins/myrobot_final/src/mybot/src/arm_control.cpp:[m[K In member function ‘[01m[Kvoid ManipulatorAction::graspAction_trajectory(Object&, TargetPose&, GraspPose&, const string&, const string&, const string&, const string&)[m[K’:
[5.591s] [01m[K/home/fins/myrobot_final/src/mybot/src/arm_control.cpp:667:9:[m[K [01;31m[Kerror: [m[K‘[01m[KoveToPose[m[K’ was not declared in this scope; did you mean ‘[01m[KmoveToPose[m[K’?
[5.591s]   667 |         [01;31m[KoveToPose[m[K(target_initial_pose);
[5.591s]       |         [01;31m[K^~~~~~~~~[m[K
[5.591s]       |         [32m[KmoveToPose[m[K
[5.604s] [01m[K/home/fins/myrobot_final/src/mybot/src/arm_control.cpp:[m[K In member function ‘[01m[Kvoid ManipulatorAction::graspAction_trajectory(Object&, TargetPose&, GraspPose&, const string&, const string&, const string&, const string&)[m[K’:
[5.604s] [01m[K/home/fins/myrobot_final/src/mybot/src/arm_control.cpp:667:9:[m[K [01;31m[Kerror: [m[K‘[01m[KoveToPose[m[K’ was not declared in this scope; did you mean ‘[01m[KmoveToPose[m[K’?
[5.604s]   667 |         [01;31m[KoveToPose[m[K(target_initial_pose);
[5.604s]       |         [01;31m[K^~~~~~~~~[m[K
[5.604s]       |         [32m[KmoveToPose[m[K
[8.232s] gmake[2]: *** [CMakeFiles/arm_execute_node.dir/build.make:90：CMakeFiles/arm_execute_node.dir/src/arm_control.cpp.o] 错误 1
[8.232s] gmake[1]: *** [CMakeFiles/Makefile2:559：CMakeFiles/arm_execute_node.dir/all] 错误 2
[8.232s] gmake[1]: *** 正在等待未完成的任务....
[8.345s] gmake[2]: *** [CMakeFiles/arm_execute_total_trajectory.dir/build.make:90：CMakeFiles/arm_execute_total_trajectory.dir/src/arm_control.cpp.o] 错误 1
[8.345s] gmake[1]: *** [CMakeFiles/Makefile2:455：CMakeFiles/arm_execute_total_trajectory.dir/all] 错误 2
[8.421s] gmake[2]: *** [CMakeFiles/arm_execute_total_trajectory_second_final.dir/build.make:90：CMakeFiles/arm_execute_total_trajectory_second_final.dir/src/arm_control.cpp.o] 错误 1
[8.422s] gmake[1]: *** [CMakeFiles/Makefile2:533：CMakeFiles/arm_execute_total_trajectory_second_final.dir/all] 错误 2
[8.439s] gmake[2]: *** [CMakeFiles/arm_execute_storage.dir/build.make:90：CMakeFiles/arm_execute_storage.dir/src/arm_control.cpp.o] 错误 1
[8.439s] gmake[1]: *** [CMakeFiles/Makefile2:273：CMakeFiles/arm_execute_storage.dir/all] 错误 2
[8.454s] gmake[2]: *** [CMakeFiles/arm_execute_circle.dir/build.make:90：CMakeFiles/arm_execute_circle.dir/src/arm_control.cpp.o] 错误 1
[8.454s] gmake[1]: *** [CMakeFiles/Makefile2:325：CMakeFiles/arm_execute_circle.dir/all] 错误 2
[8.534s] gmake[2]: *** [CMakeFiles/execute.dir/build.make:90：CMakeFiles/execute.dir/src/arm_control.cpp.o] 错误 1
[8.534s] gmake[1]: *** [CMakeFiles/Makefile2:247：CMakeFiles/execute.dir/all] 错误 2
[8.549s] gmake[2]: *** [CMakeFiles/arm_execute_total_trajectory_final.dir/build.make:90：CMakeFiles/arm_execute_total_trajectory_final.dir/src/arm_control.cpp.o] 错误 1
[8.549s] gmake[1]: *** [CMakeFiles/Makefile2:481：CMakeFiles/arm_execute_total_trajectory_final.dir/all] 错误 2
[8.593s] gmake[2]: *** [CMakeFiles/arm_execute_total_trajectory_second.dir/build.make:90：CMakeFiles/arm_execute_total_trajectory_second.dir/src/arm_control.cpp.o] 错误 1
[8.594s] gmake[1]: *** [CMakeFiles/Makefile2:507：CMakeFiles/arm_execute_total_trajectory_second.dir/all] 错误 2
[8.619s] gmake[2]: *** [CMakeFiles/arm_execute_processing.dir/build.make:90：CMakeFiles/arm_execute_processing.dir/src/arm_control.cpp.o] 错误 1
[8.619s] gmake[1]: *** [CMakeFiles/Makefile2:299：CMakeFiles/arm_execute_processing.dir/all] 错误 2
[8.633s] gmake[2]: *** [CMakeFiles/arm_execute_second_storage_trajectory.dir/build.make:90：CMakeFiles/arm_execute_second_storage_trajectory.dir/src/arm_control.cpp.o] 错误 1
[8.634s] gmake[1]: *** [CMakeFiles/Makefile2:429：CMakeFiles/arm_execute_second_storage_trajectory.dir/all] 错误 2
[8.641s] gmake[2]: *** [CMakeFiles/arm_execute_circle_trajectory.dir/build.make:90：CMakeFiles/arm_execute_circle_trajectory.dir/src/arm_control.cpp.o] 错误 1
[8.641s] gmake[1]: *** [CMakeFiles/Makefile2:351：CMakeFiles/arm_execute_circle_trajectory.dir/all] 错误 2
[8.656s] gmake[2]: *** [CMakeFiles/arm_execute_storage_trajectory.dir/build.make:90：CMakeFiles/arm_execute_storage_trajectory.dir/src/arm_control.cpp.o] 错误 1
[8.656s] gmake[1]: *** [CMakeFiles/Makefile2:403：CMakeFiles/arm_execute_storage_trajectory.dir/all] 错误 2
[8.669s] gmake[2]: *** [CMakeFiles/arm_execute_processing_trajectory.dir/build.make:90：CMakeFiles/arm_execute_processing_trajectory.dir/src/arm_control.cpp.o] 错误 1
[8.669s] gmake[1]: *** [CMakeFiles/Makefile2:377：CMakeFiles/arm_execute_processing_trajectory.dir/all] 错误 2
[8.670s] gmake: *** [Makefile:146：all] 错误 2
[8.673s] Invoked command in '/home/fins/myrobot_final/build/mybot' returned '2': AMENT_PREFIX_PATH=/home/fins/myrobot_final/install/robot_arm_description:/home/fins/myrobot_final/install/mybot:/home/fins/Workspace/moveit2_ws/install/pilz_industrial_motion_planner_testutils:/home/fins/Workspace/moveit2_ws/install/moveit_runtime:/home/fins/Workspace/moveit2_ws/install/moveit2_tutorials:/home/fins/Workspace/moveit2_ws/install/moveit:/home/fins/Workspace/moveit2_ws/install/moveit_planners:/home/fins/Workspace/moveit2_ws/install/pilz_industrial_motion_planner:/home/fins/Workspace/moveit2_ws/install/moveit_visual_tools:/home/fins/Workspace/moveit2_ws/install/moveit_task_constructor_visualization:/home/fins/Workspace/moveit2_ws/install/moveit_task_constructor_demo:/home/fins/Workspace/moveit2_ws/install/moveit_task_constructor_capabilities:/home/fins/Workspace/moveit2_ws/install/moveit_task_constructor_core:/home/fins/Workspace/moveit2_ws/install/moveit_ros_control_interface:/home/fins/Workspace/moveit2_ws/install/moveit_plugins:/home/fins/Workspace/moveit2_ws/install/moveit_simple_controller_manager:/home/fins/Workspace/moveit2_ws/install/moveit_setup_assistant:/home/fins/Workspace/moveit2_ws/install/moveit_setup_srdf_plugins:/home/fins/Workspace/moveit2_ws/install/moveit_setup_core_plugins:/home/fins/Workspace/moveit2_ws/install/moveit_setup_controllers:/home/fins/Workspace/moveit2_ws/install/moveit_setup_app_plugins:/home/fins/Workspace/moveit2_ws/install/moveit_setup_framework:/home/fins/Workspace/moveit2_ws/install/moveit_servo:/home/fins/Workspace/moveit2_ws/install/moveit_ros:/home/fins/Workspace/moveit2_ws/install/moveit_ros_visualization:/home/fins/Workspace/moveit2_ws/install/moveit_hybrid_planning:/home/fins/Workspace/moveit2_ws/install/moveit_ros_planning_interface:/home/fins/Workspace/moveit2_ws/install/moveit_ros_benchmarks:/home/fins/Workspace/moveit2_ws/install/moveit_ros_warehouse:/home/fins/Workspace/moveit2_ws/install/moveit_ros_robot_interaction:/home/fins/Workspace/moveit2_ws/install/moveit_ros_perception:/home/fins/Workspace/moveit2_ws/install/moveit_resources_prbt_pg70_support:/home/fins/Workspace/moveit2_ws/install/moveit_resources_prbt_moveit_config:/home/fins/Workspace/moveit2_ws/install/moveit_ros_move_group:/home/fins/Workspace/moveit2_ws/install/moveit_planners_ompl:/home/fins/Workspace/moveit2_ws/install/moveit_ros_planning:/home/fins/Workspace/moveit2_ws/install/moveit_ros_occupancy_map_monitor:/home/fins/Workspace/moveit2_ws/install/moveit_resources_prbt_ikfast_manipulator_plugin:/home/fins/Workspace/moveit2_ws/install/moveit_planners_chomp:/home/fins/Workspace/moveit2_ws/install/moveit_kinematics:/home/fins/Workspace/moveit2_ws/install/moveit_chomp_optimizer_adapter:/home/fins/Workspace/moveit2_ws/install/chomp_motion_planner:/home/fins/Workspace/moveit2_ws/install/moveit_core:/home/fins/Workspace/moveit2_ws/install/moveit_configs_utils:/home/fins/Workspace/moveit2_ws/install/srdfdom:/home/fins/Workspace/moveit2_ws/install/rviz_marker_tools:/home/fins/Workspace/moveit2_ws/install/rosparam_shortcuts:/home/fins/Workspace/moveit2_ws/install/moveit_task_constructor_msgs:/home/fins/Workspace/moveit2_ws/install/moveit_resources_prbt_support:/home/fins/Workspace/moveit2_ws/install/moveit_resources:/home/fins/Workspace/moveit2_ws/install/moveit_resources_pr2_description:/home/fins/Workspace/moveit2_ws/install/moveit_resources_panda_moveit_config:/home/fins/Workspace/moveit2_ws/install/moveit_resources_panda_description:/home/fins/Workspace/moveit2_ws/install/moveit_resources_fanuc_moveit_config:/home/fins/Workspace/moveit2_ws/install/moveit_resources_fanuc_description:/home/fins/Workspace/moveit2_ws/install/moveit_common:/home/fins/Workspace/moveit2_ws/install/launch_param_builder:/opt/ros/humble CMAKE_PREFIX_PATH=${CMAKE_PREFIX_PATH}:/home/fins/myrobot_final/install/robot_arm_description:/home/fins/Workspace/moveit2_ws/install/moveit_configs_utils:/home/fins/Workspace/moveit2_ws/install/launch_param_builder:/opt/ros/humble /usr/bin/cmake --build /home/fins/myrobot_final/build/mybot -- -j32 -l32
